<html>
<body>
<pre>
<h1>Vision Build Log</h1>
<h2>Project:</h2>
F:\CS99XX\CS99XX_ZWP_M -改进\Project\CS99XX.uvproj
Project File Date:  10/27/2017

<h2>Output:</h2>
Build target '支持bootloader'
Before Build - User command #1: .\1.bat
F:\CS99XX\CS99XX_ZWP_M -改进\Project>echo /*2017/10/29 周日 14:56:07.65*/ 1>>.\cs99xx_update.h 
compiling system_stm32f10x.c...
compiling app.c...
compiling cs99xx_parameter.c...
compiling acw_test.c...
..\source\APP\ACW\acw_test.c(81): warning:  #177-D: variable "l_dis_time" was declared but never referenced
      uint16_t l_dis_time = 0;
..\source\APP\ACW\acw_test.c(82): warning:  #550-D: variable "test_status" was set but never used
      uint16_t test_status;
..\source\APP\ACW\acw_test.c(289): warning:  #223-D: function "count_acw_dis_value" declared implicitly
      count_acw_dis_value(acw_par, test_data);
..\source\APP\ACW\acw_test.c(15): warning:  #177-D: variable "acw_fiv_t" was declared but never referenced
  static uint16_t acw_fiv_t;///< 第五阶段的累计时间
..\source\APP\ACW\acw_test.c: 4 warnings, 0 errors
compiling BSP_config.c...
linking...
Program Size: Code=323512 RO-data=76968 RW-data=12696 ZI-data=38360  
FromELF: creating hex file...
After Build - User command #1: fromelf.exe --bin -o ../99_ZWP_M.bin  ../cs99xx_zwp_output/obj/99_ZWP_M.axf
After Build - User command #2: .\del_hex.bat
F:\CS99XX\CS99XX_ZWP_M -改进\Project>del ..\cs99xx_zwp_output\obj\*.hex 
"..\cs99xx_zwp_output\obj\99_ZWP_M.axf" - 0 Error(s), 4 Warning(s).
</pre>
</body>
</html>
or(s), 4 Warning(s).
Target not created
: error:  #20: identifier "acw_fal_t" is undefined
                                if(acw_fal_t > 0)
..\source\APP\ACW\acw_test.c(297): warning:  #223-D: function "count_acw_dis_value" declared implicitly
      count_acw_dis_value(acw_par, test_data);
..\source\APP\ACW\acw_test.c(15): warning:  #177-D: variable "acw_fiv_t" was declared but never referenced
  static uint16_t acw_fiv_t;///< 第五阶段的累计时间
..\source\APP\ACW\acw_test.c: 4 warnings, 5 errors
compiling BSP_config.c...
"..\cs99xx_zwp_output\obj\99_ZWP_M.axf" - 5 Error(s), 5 Warning(s).
Target not created
./99_ZWP_M.bin  ../cs99xx_zwp_output/obj/99_ZWP_M.axf
After Build - User command #2: .\del_hex.bat
F:\CS99XX\CS99XX_ZWP_M -改进\Project>del ..\cs99xx_zwp_output\obj\*.hex 
"..\cs99xx_zwp_output\obj\99_ZWP_M.axf" - 0 Error(s), 10 Warning(s).
.c(23): warning:  #177-D: variable "acw_test_par" was declared but never referenced
  static NODE_STEP *acw_test_par;///<ACW测试参数
..\source\APP\ACW\acw_test.c: 10 warnings, 1 error
compiling acw_count.c...
..\source\APP\ACW\acw_count.c(27): warning:  #223-D: function "cpld_count_angle" declared implicitly
          cpld_count_angle(&sin_val, &cos_val);
..\source\APP\ACW\acw_count.c(22): warning:  #177-D: variable "temp_res" was declared but never referenced
        float temp_res = 0.0;
..\source\APP\ACW\acw_count.c(121): warning:  #223-D: function "set_high_err" declared implicitly
          set_high_err();
..\source\APP\ACW\acw_count.c(128): warning:  #223-D: function "judge_vol_exception" declared implicitly
          err = judge_vol_exception();
..\source\APP\ACW\acw_count.c(134): warning:  #223-D: function "judge_vol_exception" declared implicitly
          err = judge_vol_exception();
..\source\APP\ACW\acw_count.c(146): warning:  #223-D: function "result_acw" declared implicitly
                      result_acw();
..\source\APP\ACW\acw_count.c(162): warning:  #223-D: function "result_acw" declared implicitly
                      result_acw();
..\source\APP\ACW\acw_count.c: 7 warnings, 0 errors
compiling BSP_config.c...
"..\cs99xx_zwp_output\obj\99_ZWP_M.axf" - 1 Error(s), 18 Warning(s).
Target not created
rce\APP\ACW\acw_count.c(162): warning:  #223-D: function "result_acw" declared implicitly
                      result_acw();
..\source\APP\ACW\acw_count.c: 7 warnings, 0 errors
compiling BSP_config.c...
"..\cs99xx_zwp_output\obj\99_ZWP_M.axf" - 5 Error(s), 17 Warning(s).
Target not created

..\source\APP\ACW\acw_count.c(146): warning:  #223-D: function "result_acw" declared implicitly
                      result_acw();
..\source\APP\ACW\acw_count.c(162): warning:  #223-D: function "result_acw" declared implicitly
                      result_acw();
..\source\APP\ACW\acw_count.c: 7 warnings, 1 error
compiling BSP_config.c...
"..\cs99xx_zwp_output\obj\99_ZWP_M.axf" - 8 Error(s), 17 Warning(s).
Target not created

      uint8_t testing;///<标记正在测试
..\source\APP\ACW\acw_test.h(24): error:  #20: identifier "TEST_FILE" is undefined
  extern void run_acw_test(TEST_FILE *test_file, ACW_STRUCT *acw_par, TEST_DATA_STRUCT *test_data);
..\source\APP\ACW\acw_test.h(24): error:  #20: identifier "ACW_STRUCT" is undefined
  extern void run_acw_test(TEST_FILE *test_file, ACW_STRUCT *acw_par, TEST_DATA_STRUCT *test_data);
..\source\APP\ACW\acw_test.h(24): error:  #20: identifier "TEST_DATA_STRUCT" is undefined
  extern void run_acw_test(TEST_FILE *test_file, ACW_STRUCT *acw_par, TEST_DATA_STRUCT *test_data);
..\source\APP\ACW\acw_test.c(91): error:  #20: identifier "test_time" is undefined
      uint16_t l_test_time = *test_time;
..\source\APP\ACW\acw_test.c(90): warning:  #177-D: variable "l_dis_time" was declared but never referenced
      uint16_t l_dis_time = 0;
..\source\APP\ACW\acw_test.c(92): warning:  #550-D: variable "test_status" was set but never used
      uint16_t test_status;
..\source\APP\ACW\acw_test.c(298): warning:  #223-D: function "count_acw_dis_value" declared implicitly
      count_acw_dis_value(acw_par, test_data);
..\source\APP\ACW\acw_test.c(15): warning:  #177-D: variable "acw_fiv_t" was declared but never referenced
  static uint16_t acw_fiv_t;///< 第五阶段的累计时间
..\source\APP\ACW\acw_test.c(16): warning:  #550-D: variable "acw_tes_t" was set but never used
  static uint16_t acw_tes_t;///< 当前步测试时间
..\source\APP\ACW\acw_test.c(17): warning:  #550-D: variable "acw_ris_t" was set but never used
  static uint16_t acw_ris_t;///< 上升时间
..\source\APP\ACW\acw_test.c(18): warning:  #177-D: variable "acw_sta_t" was declared but never referenced
  static uint16_t acw_sta_t;///< 稳压时间
..\source\APP\ACW\acw_test.c(20): warning:  #550-D: variable "acw_int_t" was set but never used
  static uint16_t acw_int_t;///< 间隔时间
..\source\APP\ACW\acw_test.c(22): warning:  #177-D: variable "acw_cur_gear" was declared but never referenced
  static uint8_t acw_cur_gear;///<ACW电流档位
..\source\APP\ACW\acw_test.c(23): warning:  #177-D: variable "acw_test_par" was declared but never referenced
  static NODE_STEP *acw_test_par;///<ACW测试参数
..\source\APP\ACW\acw_test.c: 10 warnings, 5 errors
compiling acw_count.c...
..\source\APP\ACW\acw_test.h(14): error:  #101: "testing" has already been declared in the current scope
      uint8_t testing;///<标记正在测试
..\source\APP\ACW\acw_count.c(27): warning:  #223-D: function "cpld_count_angle" declared implicitly
          cpld_count_angle(&sin_val, &cos_val);
..\source\APP\ACW\acw_count.c(22): warning:  #177-D: variable "temp_res" was declared but never referenced
        float temp_res = 0.0;
..\source\APP\ACW\acw_count.c(121): warning:  #223-D: function "set_high_err" declared implicitly
          set_high_err();
..\source\APP\ACW\acw_count.c(128): warning:  #223-D: function "judge_vol_exception" declared implicitly
          err = judge_vol_exception();
..\source\APP\ACW\acw_count.c(134): warning:  #223-D: function "judge_vol_exception" declared implicitly
          err = judge_vol_exception();
..\source\APP\ACW\acw_count.c(146): warning:  #223-D: function "result_acw" declared implicitly
                      result_acw();
..\source\APP\ACW\acw_count.c(162): warning:  #223-D: function "result_acw" declared implicitly
                      result_acw();
..\source\APP\ACW\acw_count.c: 7 warnings, 1 error
compiling auto_cal_comm.c...
compiling auto_cal_crc.c...
compiling auto_cal_server.c...
compiling auto_calibration.c...
compiling BSP_config.c...
compiling STM32_FSMC.C...
compiling RTC_Config.c...
compiling Timer_Config.c...
compiling STM32_GPIO_Config.c...
compiling keyboard.c...
compiling i2c_ee.c...
compiling MC14094.C...
compiling DAC_VREF.c...
compiling STM32_ADC.c...
compiling SPI_CPLD.C...
compiling ADC_DMA.c...
compiling Timer5_Config.c...
compiling spi_flash.c...
compiling uart.c...
compiling os_core.c...
compiling os_flag.c...
compiling os_mbox.c...
compiling os_mem.c...
compiling os_mutex.c...
compiling os_q.c...
compiling os_sem.c...
compiling os_task.c...
compiling os_time.c...
compiling os_tmr.c...
compiling os_cpu_c.c...
compiling os_dbg.c...
compiling GUI_Draw.c...
compiling SimSun_12.c...
compiling SimSun_13.c...
compiling SimSun_15.c...
compiling SimSun_16.c...
compiling Garamond_16.c...
compiling fangzhengxingkai_24.c...
compiling MS_Sans_Serif_24.c...
compiling SimSunF_15.c...
compiling 16bit.c...
compiling allwin.c...
compiling arrow.c...
compiling arrow_right.c...
compiling back.c...
compiling circle.c...
compiling circle_.c...
compiling colon.c...
compiling del.c...
compiling down.c...
compiling index.c...
compiling leftshift.c...
compiling logo.c...
compiling picture.c...
compiling rightshift.c...
compiling shortcut.c...
compiling up.c...
compiling warning.c...
compiling cs99xx_for_comm.c...
..\source\Comm_app\cs99xx_for_comm.c(3280): warning:  #550-D: variable "node" was set but never used
      NODE_STEP *node;
..\source\Comm_app\cs99xx_for_comm.c: 1 warning, 0 errors
compiling mb_interface.c...
compiling mb_master.c...
compiling mb_server.c...
compiling mb.c...
compiling mbfunccoils.c...
compiling mbfuncdiag.c...
compiling mbfuncdisc.c...
compiling mbfuncholding.c...
compiling mbfuncinput.c...
compiling mbfuncother.c...
compiling mbutils.c...
compiling mbcrc.c...
compiling mbrtu.c...
compiling port.c...
compiling portevent.c...
compiling portserial.c...
compiling porttimer.c...
compiling user_mb_app.c...
compiling mbfunccoils_m.c...
compiling mbfuncdisc_m.c...
compiling mbfuncfile_m.c...
compiling mbfuncholding_m.c...
compiling mbfuncinput_m.c...
compiling mbrtu_m.c...
compiling mb_m.c...
compiling portevent_m.c...
compiling portserial_m.c...
compiling porttimer_m.c...
compiling dc_module.c...
compiling dc_module_bridge.c...
compiling mb_dc_module.c...
compiling module.c...
"..\cs99xx_zwp_output\obj\99_ZWP_M.axf" - 8 Error(s), 26 Warning(s).
Target not created
